C:\Program Files (x86)\Microsoft Visual Studio\2019\Community\MSBuild\Microsoft\VC\v160\Microsoft.MetaGen.targets(91,5): warning : Required file "C:\USERS\SAM\DESKTOP\ENGINEERING COMPUTATION\CODE\24780-2020-PROJECT\OPENGL_ON_A_WINDOWS_FORM\INTEROP\INTEROP.WMPLIB.1.0.DLL" is missing.
C:\Program Files (x86)\Microsoft Visual Studio\2019\Community\MSBuild\Microsoft\VC\v160\Microsoft.MetaGen.targets(91,5): warning : Required file "C:\USERS\SAM\DESKTOP\ENGINEERING COMPUTATION\CODE\24780-2020-PROJECT\OPENGL_ON_A_WINDOWS_FORM\INTEROP\AXINTEROP.WMPLIB.1.0.DLL" is missing.
cl : command line warning D9035: option 'clr:pure' has been deprecated and will be removed in a future release
  DrawingUtilNG.cpp
C:\Program Files (x86)\Microsoft Visual Studio\2019\Community\VC\Tools\MSVC\14.27.29110\include\yvals.h(230): warning STL4001: /clr:pure is deprecated and will be REMOVED.
C:\Users\Onyx\Desktop\24780\Group Project\OpenGL_on_a_Windows_Form\DrawingUtilNG.cpp(39,13): warning C4244: 'return': conversion from 'double' to 'float', possible loss of data
C:\Users\Onyx\Desktop\24780\Group Project\OpenGL_on_a_Windows_Form\DrawingUtilNG.cpp(96,39): warning C4244: 'argument': conversion from 'double' to 'float', possible loss of data
C:\Users\Onyx\Desktop\24780\Group Project\OpenGL_on_a_Windows_Form\DrawingUtilNG.cpp(97,57): warning C4244: 'argument': conversion from 'double' to 'float', possible loss of data
C:\Users\Onyx\Desktop\24780\Group Project\OpenGL_on_a_Windows_Form\DrawingUtilNG.cpp(98,56): warning C4244: 'argument': conversion from 'double' to 'float', possible loss of data
C:\Users\Onyx\Desktop\24780\Group Project\OpenGL_on_a_Windows_Form\DrawingUtilNG.cpp(107,22): warning C4244: 'initializing': conversion from 'double' to 'float', possible loss of data
C:\Users\Onyx\Desktop\24780\Group Project\OpenGL_on_a_Windows_Form\DrawingUtilNG.cpp(115,19): warning C4244: '=': conversion from 'double' to 'int', possible loss of data
C:\Users\Onyx\Desktop\24780\Group Project\OpenGL_on_a_Windows_Form\DrawingUtilNG.cpp(126,27): warning C4244: '=': conversion from 'double' to 'float', possible loss of data
C:\Users\Onyx\Desktop\24780\Group Project\OpenGL_on_a_Windows_Form\DrawingUtilNG.cpp(127,27): warning C4244: '=': conversion from 'double' to 'float', possible loss of data
C:\Users\Onyx\Desktop\24780\Group Project\OpenGL_on_a_Windows_Form\DrawingUtilNG.cpp(140,16): warning C4244: 'argument': conversion from 'double' to 'GLint', possible loss of data
C:\Users\Onyx\Desktop\24780\Group Project\OpenGL_on_a_Windows_Form\DrawingUtilNG.cpp(140,13): warning C4244: 'argument': conversion from 'double' to 'GLint', possible loss of data
C:\Users\Onyx\Desktop\24780\Group Project\OpenGL_on_a_Windows_Form\DrawingUtilNG.cpp(141,24): warning C4244: 'argument': conversion from 'double' to 'GLint', possible loss of data
C:\Users\Onyx\Desktop\24780\Group Project\OpenGL_on_a_Windows_Form\DrawingUtilNG.cpp(141,15): warning C4244: 'argument': conversion from 'double' to 'GLint', possible loss of data
C:\Users\Onyx\Desktop\24780\Group Project\OpenGL_on_a_Windows_Form\DrawingUtilNG.cpp(142,26): warning C4244: 'argument': conversion from 'double' to 'GLint', possible loss of data
C:\Users\Onyx\Desktop\24780\Group Project\OpenGL_on_a_Windows_Form\DrawingUtilNG.cpp(142,15): warning C4244: 'argument': conversion from 'double' to 'GLint', possible loss of data
C:\Users\Onyx\Desktop\24780\Group Project\OpenGL_on_a_Windows_Form\DrawingUtilNG.cpp(143,18): warning C4244: 'argument': conversion from 'double' to 'GLint', possible loss of data
C:\Users\Onyx\Desktop\24780\Group Project\OpenGL_on_a_Windows_Form\DrawingUtilNG.cpp(143,13): warning C4244: 'argument': conversion from 'double' to 'GLint', possible loss of data
C:\Users\Onyx\Desktop\24780\Group Project\OpenGL_on_a_Windows_Form\DrawingUtilNG.cpp(151,22): warning C4244: 'initializing': conversion from 'double' to 'float', possible loss of data
C:\Users\Onyx\Desktop\24780\Group Project\OpenGL_on_a_Windows_Form\DrawingUtilNG.cpp(206,22): warning C4244: 'initializing': conversion from 'double' to 'float', possible loss of data
C:\Users\Onyx\Desktop\24780\Group Project\OpenGL_on_a_Windows_Form\DrawingUtilNG.cpp(231,39): warning C4804: '%': unsafe use of type 'bool' in operation
C:\Users\Onyx\Desktop\24780\Group Project\OpenGL_on_a_Windows_Form\DrawingUtilNG.cpp(268,39): warning C4804: '%': unsafe use of type 'bool' in operation
C:\Users\Onyx\Desktop\24780\Group Project\OpenGL_on_a_Windows_Form\DrawingUtilNG.cpp(404,45): warning C4244: 'argument': conversion from 'double' to 'GLubyte', possible loss of data
  Exporter.cpp
C:\Program Files (x86)\Microsoft Visual Studio\2019\Community\VC\Tools\MSVC\14.27.29110\include\yvals.h(230): warning STL4001: /clr:pure is deprecated and will be REMOVED.
  Node.cpp
C:\Program Files (x86)\Microsoft Visual Studio\2019\Community\VC\Tools\MSVC\14.27.29110\include\yvals.h(230): warning STL4001: /clr:pure is deprecated and will be REMOVED.
C:\Users\Onyx\Desktop\24780\Group Project\OpenGL_on_a_Windows_Form\Node.cpp(28,33): warning C4244: 'argument': conversion from 'double' to 'GLfloat', possible loss of data
C:\Users\Onyx\Desktop\24780\Group Project\OpenGL_on_a_Windows_Form\Node.cpp(28,21): warning C4244: 'argument': conversion from 'double' to 'GLfloat', possible loss of data
C:\Users\Onyx\Desktop\24780\Group Project\OpenGL_on_a_Windows_Form\Node.cpp(29,30): warning C4244: 'argument': conversion from 'double' to 'GLfloat', possible loss of data
C:\Users\Onyx\Desktop\24780\Group Project\OpenGL_on_a_Windows_Form\Node.cpp(29,13): warning C4244: 'argument': conversion from 'double' to 'GLfloat', possible loss of data
C:\Users\Onyx\Desktop\24780\Group Project\OpenGL_on_a_Windows_Form\Node.cpp(30,33): warning C4244: 'argument': conversion from 'double' to 'GLfloat', possible loss of data
C:\Users\Onyx\Desktop\24780\Group Project\OpenGL_on_a_Windows_Form\Node.cpp(30,21): warning C4244: 'argument': conversion from 'double' to 'GLfloat', possible loss of data
C:\Users\Onyx\Desktop\24780\Group Project\OpenGL_on_a_Windows_Form\Node.cpp(31,30): warning C4244: 'argument': conversion from 'double' to 'GLfloat', possible loss of data
C:\Users\Onyx\Desktop\24780\Group Project\OpenGL_on_a_Windows_Form\Node.cpp(31,13): warning C4244: 'argument': conversion from 'double' to 'GLfloat', possible loss of data
  ViewManager.cpp
C:\Program Files (x86)\Microsoft Visual Studio\2019\Community\VC\Tools\MSVC\14.27.29110\include\yvals.h(230): warning STL4001: /clr:pure is deprecated and will be REMOVED.
C:\Users\Onyx\Desktop\24780\Group Project\OpenGL_on_a_Windows_Form\ViewManager.cpp(55,20): warning C4018: '<': signed/unsigned mismatch
C:\Users\Onyx\Desktop\24780\Group Project\OpenGL_on_a_Windows_Form\ViewManager.cpp(57,21): warning C4018: '<': signed/unsigned mismatch
C:\Users\Onyx\Desktop\24780\Group Project\OpenGL_on_a_Windows_Form\ViewManager.cpp(59,10): warning C4018: '>': signed/unsigned mismatch
C:\Users\Onyx\Desktop\24780\Group Project\OpenGL_on_a_Windows_Form\ViewManager.cpp(129,20): warning C4018: '<': signed/unsigned mismatch
C:\Users\Onyx\Desktop\24780\Group Project\OpenGL_on_a_Windows_Form\ViewManager.cpp(147,20): warning C4018: '<': signed/unsigned mismatch
C:\Users\Onyx\Desktop\24780\Group Project\OpenGL_on_a_Windows_Form\ViewManager.cpp(149,21): warning C4018: '<': signed/unsigned mismatch
C:\Users\Onyx\Desktop\24780\Group Project\OpenGL_on_a_Windows_Form\ViewManager.cpp(151,10): warning C4018: '>': signed/unsigned mismatch
C:\Users\Onyx\Desktop\24780\Group Project\OpenGL_on_a_Windows_Form\ViewManager.cpp(186,20): warning C4018: '<': signed/unsigned mismatch
  Generating Code...
  StringPlus.obj : MSIL module encountered; incremental linking is disabled for MSIL; performing full link
  OpenGL_on_a_Windows_Form.vcxproj -> C:\Users\Onyx\Desktop\24780\Group Project\Debug\OpenGL_on_a_Windows_Form.exe
